[2025-12-04T00:28:04.484+0000] {local_task_job_runner.py:120} INFO - ::group::Pre task execution logs
[2025-12-04T00:28:04.622+0000] {taskinstance.py:2076} INFO - Dependencies all met for dep_context=non-requeueable deps ti=<TaskInstance: weather_elt_pipeline.produce_weather_to_kafka manual__2025-12-04T00:28:00.963778+00:00 [queued]>
[2025-12-04T00:28:04.645+0000] {taskinstance.py:2076} INFO - Dependencies all met for dep_context=requeueable deps ti=<TaskInstance: weather_elt_pipeline.produce_weather_to_kafka manual__2025-12-04T00:28:00.963778+00:00 [queued]>
[2025-12-04T00:28:04.647+0000] {taskinstance.py:2306} INFO - Starting attempt 1 of 2
[2025-12-04T00:28:04.678+0000] {taskinstance.py:2330} INFO - Executing <Task(BashOperator): produce_weather_to_kafka> on 2025-12-04 00:28:00.963778+00:00
[2025-12-04T00:28:04.693+0000] {standard_task_runner.py:63} INFO - Started process 434 to run task
[2025-12-04T00:28:04.727+0000] {standard_task_runner.py:90} INFO - Running: ['airflow', 'tasks', 'run', 'weather_elt_pipeline', 'produce_weather_to_kafka', 'manual__2025-12-04T00:28:00.963778+00:00', '--job-id', '6', '--raw', '--subdir', 'DAGS_FOLDER/weather_elt_dag.py', '--cfg-path', '/tmp/tmpd4jxe5rx']
[2025-12-04T00:28:04.746+0000] {standard_task_runner.py:91} INFO - Job 6: Subtask produce_weather_to_kafka
[2025-12-04T00:28:05.168+0000] {task_command.py:426} INFO - Running <TaskInstance: weather_elt_pipeline.produce_weather_to_kafka manual__2025-12-04T00:28:00.963778+00:00 [running]> on host 0af11f7b5768
[2025-12-04T00:28:05.484+0000] {taskinstance.py:2648} INFO - Exporting env vars: AIRFLOW_CTX_DAG_OWNER='airflow' AIRFLOW_CTX_DAG_ID='weather_elt_pipeline' AIRFLOW_CTX_TASK_ID='produce_weather_to_kafka' AIRFLOW_CTX_EXECUTION_DATE='2025-12-04T00:28:00.963778+00:00' AIRFLOW_CTX_TRY_NUMBER='1' AIRFLOW_CTX_DAG_RUN_ID='manual__2025-12-04T00:28:00.963778+00:00'
[2025-12-04T00:28:05.487+0000] {taskinstance.py:430} INFO - ::endgroup::
[2025-12-04T00:28:05.544+0000] {subprocess.py:63} INFO - Tmp dir root location: /tmp
[2025-12-04T00:28:05.547+0000] {subprocess.py:75} INFO - Running command: ['/usr/bin/bash', '-c', 'python /opt/airflow/producers/weather_producer.py --batch']
[2025-12-04T00:28:05.586+0000] {subprocess.py:86} INFO - Output:
[2025-12-04T00:28:07.284+0000] {subprocess.py:93} INFO - %3|1764808087.284|FAIL|rdkafka#producer-1| [thrd:localhost:9092/bootstrap]: localhost:9092/bootstrap: Connect to ipv4#127.0.0.1:9092 failed: Connection refused (after 2ms in state CONNECT)
[2025-12-04T00:28:08.281+0000] {subprocess.py:93} INFO - %3|1764808088.281|FAIL|rdkafka#producer-1| [thrd:localhost:9092/bootstrap]: localhost:9092/bootstrap: Connect to ipv4#127.0.0.1:9092 failed: Connection refused (after 0ms in state CONNECT, 1 identical error(s) suppressed)
[2025-12-04T00:28:38.288+0000] {subprocess.py:93} INFO - %3|1764808118.288|FAIL|rdkafka#producer-1| [thrd:localhost:9092/bootstrap]: localhost:9092/bootstrap: Connect to ipv4#127.0.0.1:9092 failed: Connection refused (after 0ms in state CONNECT, 30 identical error(s) suppressed)
[2025-12-04T00:29:08.290+0000] {subprocess.py:93} INFO - %3|1764808148.290|FAIL|rdkafka#producer-1| [thrd:localhost:9092/bootstrap]: localhost:9092/bootstrap: Connect to ipv4#127.0.0.1:9092 failed: Connection refused (after 0ms in state CONNECT, 30 identical error(s) suppressed)
[2025-12-04T00:29:31.624+0000] {local_task_job_runner.py:124} ERROR - Received SIGTERM. Terminating subprocesses
[2025-12-04T00:29:31.740+0000] {process_utils.py:132} INFO - Sending 15 to group 434. PIDs of all processes in the group: [435, 434]
[2025-12-04T00:29:31.747+0000] {process_utils.py:87} INFO - Sending the signal 15 to group 434
[2025-12-04T00:29:31.757+0000] {taskinstance.py:2611} ERROR - Received SIGTERM. Terminating subprocesses.
[2025-12-04T00:29:31.775+0000] {subprocess.py:104} INFO - Sending SIGTERM signal to process group
[2025-12-04T00:29:31.800+0000] {taskinstance.py:441} INFO - ::group::Post task execution logs
[2025-12-04T00:29:32.713+0000] {taskinstance.py:2905} ERROR - Task failed with exception
Traceback (most recent call last):
  File "/home/airflow/.local/lib/python3.10/site-packages/airflow/models/taskinstance.py", line 465, in _execute_task
    result = _execute_callable(context=context, **execute_callable_kwargs)
  File "/home/airflow/.local/lib/python3.10/site-packages/airflow/models/taskinstance.py", line 432, in _execute_callable
    return execute_callable(context=context, **execute_callable_kwargs)
  File "/home/airflow/.local/lib/python3.10/site-packages/airflow/models/baseoperator.py", line 400, in wrapper
    return func(self, *args, **kwargs)
  File "/home/airflow/.local/lib/python3.10/site-packages/airflow/operators/bash.py", line 234, in execute
    result = self.subprocess_hook.run_command(
  File "/home/airflow/.local/lib/python3.10/site-packages/airflow/hooks/subprocess.py", line 91, in run_command
    for raw_line in iter(self.sub_process.stdout.readline, b""):
  File "/home/airflow/.local/lib/python3.10/site-packages/airflow/models/taskinstance.py", line 2613, in signal_handler
    raise AirflowTaskTerminated("Task received SIGTERM signal")
airflow.exceptions.AirflowTaskTerminated: Task received SIGTERM signal
