[2025-12-04T00:31:13.457+0000] {local_task_job_runner.py:120} INFO - ::group::Pre task execution logs
[2025-12-04T00:31:13.552+0000] {taskinstance.py:2076} INFO - Dependencies all met for dep_context=non-requeueable deps ti=<TaskInstance: weather_elt_pipeline.produce_weather_to_kafka manual__2025-12-04T00:28:00.963778+00:00 [queued]>
[2025-12-04T00:31:13.578+0000] {taskinstance.py:2076} INFO - Dependencies all met for dep_context=requeueable deps ti=<TaskInstance: weather_elt_pipeline.produce_weather_to_kafka manual__2025-12-04T00:28:00.963778+00:00 [queued]>
[2025-12-04T00:31:13.582+0000] {taskinstance.py:2306} INFO - Starting attempt 2 of 2
[2025-12-04T00:31:13.629+0000] {taskinstance.py:2330} INFO - Executing <Task(BashOperator): produce_weather_to_kafka> on 2025-12-04 00:28:00.963778+00:00
[2025-12-04T00:31:13.678+0000] {standard_task_runner.py:63} INFO - Started process 176 to run task
[2025-12-04T00:31:13.859+0000] {standard_task_runner.py:90} INFO - Running: ['airflow', 'tasks', 'run', 'weather_elt_pipeline', 'produce_weather_to_kafka', 'manual__2025-12-04T00:28:00.963778+00:00', '--job-id', '9', '--raw', '--subdir', 'DAGS_FOLDER/weather_elt_dag.py', '--cfg-path', '/tmp/tmpe5sct0e0']
[2025-12-04T00:31:13.954+0000] {standard_task_runner.py:91} INFO - Job 9: Subtask produce_weather_to_kafka
[2025-12-04T00:31:15.078+0000] {task_command.py:426} INFO - Running <TaskInstance: weather_elt_pipeline.produce_weather_to_kafka manual__2025-12-04T00:28:00.963778+00:00 [running]> on host 58daea5025c5
[2025-12-04T00:31:15.336+0000] {taskinstance.py:2648} INFO - Exporting env vars: AIRFLOW_CTX_DAG_OWNER='airflow' AIRFLOW_CTX_DAG_ID='weather_elt_pipeline' AIRFLOW_CTX_TASK_ID='produce_weather_to_kafka' AIRFLOW_CTX_EXECUTION_DATE='2025-12-04T00:28:00.963778+00:00' AIRFLOW_CTX_TRY_NUMBER='2' AIRFLOW_CTX_DAG_RUN_ID='manual__2025-12-04T00:28:00.963778+00:00'
[2025-12-04T00:31:15.340+0000] {taskinstance.py:430} INFO - ::endgroup::
[2025-12-04T00:31:15.435+0000] {subprocess.py:63} INFO - Tmp dir root location: /tmp
[2025-12-04T00:31:15.439+0000] {subprocess.py:75} INFO - Running command: ['/usr/bin/bash', '-c', 'python /opt/airflow/producers/weather_producer.py --batch']
[2025-12-04T00:31:15.488+0000] {subprocess.py:86} INFO - Output:
[2025-12-04T00:31:25.676+0000] {subprocess.py:93} INFO - Weather Producer iniciado – Open-Meteo API
[2025-12-04T00:31:25.679+0000] {subprocess.py:93} INFO - Ciudad de México: 19.4°C
[2025-12-04T00:31:25.681+0000] {subprocess.py:93} INFO - Madrid: 5.7°C
[2025-12-04T00:31:25.683+0000] {subprocess.py:93} INFO - Bogotá: 14.6°C
[2025-12-04T00:31:25.684+0000] {subprocess.py:93} INFO - Lima: 17.8°C
[2025-12-04T00:31:25.687+0000] {subprocess.py:93} INFO - Buenos Aires: 25.1°C
[2025-12-04T00:31:25.688+0000] {subprocess.py:93} INFO - Santiago: 22.7°C
[2025-12-04T00:31:25.690+0000] {subprocess.py:93} INFO - São Paulo: 19.8°C
[2025-12-04T00:31:25.691+0000] {subprocess.py:93} INFO - Lisboa: 13.2°C
[2025-12-04T00:31:25.692+0000] {subprocess.py:93} INFO - Miami: 22.2°C
[2025-12-04T00:31:25.693+0000] {subprocess.py:93} INFO - La Paz: 7.3°C
[2025-12-04T00:31:25.695+0000] {subprocess.py:93} INFO - Batch mode: Finalizando después de una iteración.
[2025-12-04T00:31:25.791+0000] {subprocess.py:97} INFO - Command exited with return code 0
[2025-12-04T00:31:25.794+0000] {taskinstance.py:441} INFO - ::group::Post task execution logs
[2025-12-04T00:31:25.911+0000] {taskinstance.py:1206} INFO - Marking task as SUCCESS. dag_id=weather_elt_pipeline, task_id=produce_weather_to_kafka, run_id=manual__2025-12-04T00:28:00.963778+00:00, execution_date=20251204T002800, start_date=20251204T003113, end_date=20251204T003125
[2025-12-04T00:31:26.012+0000] {local_task_job_runner.py:240} INFO - Task exited with return code 0
[2025-12-04T00:31:26.057+0000] {logging_mixin.py:188} WARNING - /home/airflow/.local/lib/python3.10/site-packages/airflow/models/baseoperator.py:1296 AirflowProviderDeprecationWarning: Call to deprecated class PostgresOperator. (Please use `airflow.providers.common.sql.operators.sql.SQLExecuteQueryOperator`.Also, you can provide `hook_params={'schema': <database>}`.)
[2025-12-04T00:31:26.093+0000] {taskinstance.py:3498} INFO - 1 downstream tasks scheduled from follow-on schedule check
[2025-12-04T00:31:26.099+0000] {local_task_job_runner.py:222} INFO - ::endgroup::
