[2025-12-04T00:25:06.172+0000] {local_task_job_runner.py:120} INFO - ::group::Pre task execution logs
[2025-12-04T00:25:06.230+0000] {taskinstance.py:2076} INFO - Dependencies all met for dep_context=non-requeueable deps ti=<TaskInstance: weather_elt_pipeline.produce_weather_to_kafka scheduled__2025-12-03T23:00:00+00:00 [queued]>
[2025-12-04T00:25:06.243+0000] {taskinstance.py:2076} INFO - Dependencies all met for dep_context=requeueable deps ti=<TaskInstance: weather_elt_pipeline.produce_weather_to_kafka scheduled__2025-12-03T23:00:00+00:00 [queued]>
[2025-12-04T00:25:06.245+0000] {taskinstance.py:2306} INFO - Starting attempt 2 of 3
[2025-12-04T00:25:06.264+0000] {taskinstance.py:2330} INFO - Executing <Task(BashOperator): produce_weather_to_kafka> on 2025-12-03 23:00:00+00:00
[2025-12-04T00:25:06.277+0000] {standard_task_runner.py:63} INFO - Started process 398 to run task
[2025-12-04T00:25:06.284+0000] {standard_task_runner.py:90} INFO - Running: ['airflow', 'tasks', 'run', 'weather_elt_pipeline', 'produce_weather_to_kafka', 'scheduled__2025-12-03T23:00:00+00:00', '--job-id', '4', '--raw', '--subdir', 'DAGS_FOLDER/weather_elt_dag.py', '--cfg-path', '/tmp/tmp5g0tnmr7']
[2025-12-04T00:25:06.288+0000] {standard_task_runner.py:91} INFO - Job 4: Subtask produce_weather_to_kafka
[2025-12-04T00:25:06.606+0000] {task_command.py:426} INFO - Running <TaskInstance: weather_elt_pipeline.produce_weather_to_kafka scheduled__2025-12-03T23:00:00+00:00 [running]> on host 0af11f7b5768
[2025-12-04T00:25:06.988+0000] {taskinstance.py:2648} INFO - Exporting env vars: AIRFLOW_CTX_DAG_OWNER='airflow' AIRFLOW_CTX_DAG_ID='weather_elt_pipeline' AIRFLOW_CTX_TASK_ID='produce_weather_to_kafka' AIRFLOW_CTX_EXECUTION_DATE='2025-12-03T23:00:00+00:00' AIRFLOW_CTX_TRY_NUMBER='2' AIRFLOW_CTX_DAG_RUN_ID='scheduled__2025-12-03T23:00:00+00:00'
[2025-12-04T00:25:06.990+0000] {taskinstance.py:430} INFO - ::endgroup::
[2025-12-04T00:25:07.011+0000] {subprocess.py:63} INFO - Tmp dir root location: /tmp
[2025-12-04T00:25:07.016+0000] {subprocess.py:75} INFO - Running command: ['/usr/bin/bash', '-c', 'python /opt/airflow/producers/weather_producer.py --batch']
[2025-12-04T00:25:07.040+0000] {subprocess.py:86} INFO - Output:
[2025-12-04T00:25:07.845+0000] {subprocess.py:93} INFO - Traceback (most recent call last):
[2025-12-04T00:25:07.846+0000] {subprocess.py:93} INFO -   File "/opt/airflow/producers/weather_producer.py", line 12, in <module>
[2025-12-04T00:25:07.851+0000] {subprocess.py:93} INFO -     with open("data/cities.json") as f:
[2025-12-04T00:25:07.852+0000] {subprocess.py:93} INFO - FileNotFoundError: [Errno 2] No such file or directory: 'data/cities.json'
[2025-12-04T00:25:07.898+0000] {subprocess.py:97} INFO - Command exited with return code 1
[2025-12-04T00:25:07.902+0000] {taskinstance.py:441} INFO - ::group::Post task execution logs
[2025-12-04T00:25:07.923+0000] {taskinstance.py:2905} ERROR - Task failed with exception
Traceback (most recent call last):
  File "/home/airflow/.local/lib/python3.10/site-packages/airflow/models/taskinstance.py", line 465, in _execute_task
    result = _execute_callable(context=context, **execute_callable_kwargs)
  File "/home/airflow/.local/lib/python3.10/site-packages/airflow/models/taskinstance.py", line 432, in _execute_callable
    return execute_callable(context=context, **execute_callable_kwargs)
  File "/home/airflow/.local/lib/python3.10/site-packages/airflow/models/baseoperator.py", line 400, in wrapper
    return func(self, *args, **kwargs)
  File "/home/airflow/.local/lib/python3.10/site-packages/airflow/operators/bash.py", line 243, in execute
    raise AirflowException(
airflow.exceptions.AirflowException: Bash command failed. The command returned a non-zero exit code 1.
[2025-12-04T00:25:07.929+0000] {taskinstance.py:1206} INFO - Marking task as UP_FOR_RETRY. dag_id=weather_elt_pipeline, task_id=produce_weather_to_kafka, run_id=scheduled__2025-12-03T23:00:00+00:00, execution_date=20251203T230000, start_date=20251204T002506, end_date=20251204T002507
[2025-12-04T00:25:07.950+0000] {standard_task_runner.py:110} ERROR - Failed to execute job 4 for task produce_weather_to_kafka (Bash command failed. The command returned a non-zero exit code 1.; 398)
[2025-12-04T00:25:07.998+0000] {local_task_job_runner.py:240} INFO - Task exited with return code 1
[2025-12-04T00:25:08.026+0000] {logging_mixin.py:188} WARNING - /home/airflow/.local/lib/python3.10/site-packages/airflow/models/baseoperator.py:1296 AirflowProviderDeprecationWarning: Call to deprecated class PostgresOperator. (Please use `airflow.providers.common.sql.operators.sql.SQLExecuteQueryOperator`.Also, you can provide `hook_params={'schema': <database>}`.)
[2025-12-04T00:25:08.046+0000] {taskinstance.py:3498} INFO - 0 downstream tasks scheduled from follow-on schedule check
[2025-12-04T00:25:08.050+0000] {local_task_job_runner.py:222} INFO - ::endgroup::
