[2025-12-04T00:24:21.206+0000] {local_task_job_runner.py:120} INFO - ::group::Pre task execution logs
[2025-12-04T00:24:21.362+0000] {taskinstance.py:2076} INFO - Dependencies all met for dep_context=non-requeueable deps ti=<TaskInstance: weather_elt_pipeline.produce_weather_to_kafka manual__2025-12-04T00:24:19.161408+00:00 [queued]>
[2025-12-04T00:24:21.409+0000] {taskinstance.py:2076} INFO - Dependencies all met for dep_context=requeueable deps ti=<TaskInstance: weather_elt_pipeline.produce_weather_to_kafka manual__2025-12-04T00:24:19.161408+00:00 [queued]>
[2025-12-04T00:24:21.422+0000] {taskinstance.py:2306} INFO - Starting attempt 1 of 2
[2025-12-04T00:24:21.528+0000] {taskinstance.py:2330} INFO - Executing <Task(BashOperator): produce_weather_to_kafka> on 2025-12-04 00:24:19.161408+00:00
[2025-12-04T00:24:21.564+0000] {standard_task_runner.py:63} INFO - Started process 387 to run task
[2025-12-04T00:24:21.577+0000] {standard_task_runner.py:90} INFO - Running: ['airflow', 'tasks', 'run', 'weather_elt_pipeline', 'produce_weather_to_kafka', 'manual__2025-12-04T00:24:19.161408+00:00', '--job-id', '3', '--raw', '--subdir', 'DAGS_FOLDER/weather_elt_dag.py', '--cfg-path', '/tmp/tmpb4s88v81']
[2025-12-04T00:24:21.591+0000] {standard_task_runner.py:91} INFO - Job 3: Subtask produce_weather_to_kafka
[2025-12-04T00:24:21.989+0000] {task_command.py:426} INFO - Running <TaskInstance: weather_elt_pipeline.produce_weather_to_kafka manual__2025-12-04T00:24:19.161408+00:00 [running]> on host 0af11f7b5768
[2025-12-04T00:24:22.244+0000] {taskinstance.py:2648} INFO - Exporting env vars: AIRFLOW_CTX_DAG_OWNER='airflow' AIRFLOW_CTX_DAG_ID='weather_elt_pipeline' AIRFLOW_CTX_TASK_ID='produce_weather_to_kafka' AIRFLOW_CTX_EXECUTION_DATE='2025-12-04T00:24:19.161408+00:00' AIRFLOW_CTX_TRY_NUMBER='1' AIRFLOW_CTX_DAG_RUN_ID='manual__2025-12-04T00:24:19.161408+00:00'
[2025-12-04T00:24:22.249+0000] {taskinstance.py:430} INFO - ::endgroup::
[2025-12-04T00:24:22.294+0000] {subprocess.py:63} INFO - Tmp dir root location: /tmp
[2025-12-04T00:24:22.298+0000] {subprocess.py:75} INFO - Running command: ['/usr/bin/bash', '-c', 'python /opt/airflow/producers/weather_producer.py --batch']
[2025-12-04T00:24:22.333+0000] {subprocess.py:86} INFO - Output:
[2025-12-04T00:24:23.488+0000] {subprocess.py:93} INFO - Traceback (most recent call last):
[2025-12-04T00:24:23.489+0000] {subprocess.py:93} INFO -   File "/opt/airflow/producers/weather_producer.py", line 12, in <module>
[2025-12-04T00:24:23.492+0000] {subprocess.py:93} INFO -     with open("data/cities.json") as f:
[2025-12-04T00:24:23.493+0000] {subprocess.py:93} INFO - FileNotFoundError: [Errno 2] No such file or directory: 'data/cities.json'
[2025-12-04T00:24:23.550+0000] {subprocess.py:97} INFO - Command exited with return code 1
[2025-12-04T00:24:23.553+0000] {taskinstance.py:441} INFO - ::group::Post task execution logs
[2025-12-04T00:24:23.807+0000] {taskinstance.py:2905} ERROR - Task failed with exception
Traceback (most recent call last):
  File "/home/airflow/.local/lib/python3.10/site-packages/airflow/models/taskinstance.py", line 465, in _execute_task
    result = _execute_callable(context=context, **execute_callable_kwargs)
  File "/home/airflow/.local/lib/python3.10/site-packages/airflow/models/taskinstance.py", line 432, in _execute_callable
    return execute_callable(context=context, **execute_callable_kwargs)
  File "/home/airflow/.local/lib/python3.10/site-packages/airflow/models/baseoperator.py", line 400, in wrapper
    return func(self, *args, **kwargs)
  File "/home/airflow/.local/lib/python3.10/site-packages/airflow/operators/bash.py", line 243, in execute
    raise AirflowException(
airflow.exceptions.AirflowException: Bash command failed. The command returned a non-zero exit code 1.
[2025-12-04T00:24:23.818+0000] {taskinstance.py:1206} INFO - Marking task as UP_FOR_RETRY. dag_id=weather_elt_pipeline, task_id=produce_weather_to_kafka, run_id=manual__2025-12-04T00:24:19.161408+00:00, execution_date=20251204T002419, start_date=20251204T002421, end_date=20251204T002423
[2025-12-04T00:24:23.845+0000] {standard_task_runner.py:110} ERROR - Failed to execute job 3 for task produce_weather_to_kafka (Bash command failed. The command returned a non-zero exit code 1.; 387)
[2025-12-04T00:24:23.887+0000] {local_task_job_runner.py:240} INFO - Task exited with return code 1
[2025-12-04T00:24:23.926+0000] {logging_mixin.py:188} WARNING - /home/airflow/.local/lib/python3.10/site-packages/airflow/models/baseoperator.py:1296 AirflowProviderDeprecationWarning: Call to deprecated class PostgresOperator. (Please use `airflow.providers.common.sql.operators.sql.SQLExecuteQueryOperator`.Also, you can provide `hook_params={'schema': <database>}`.)
[2025-12-04T00:24:23.949+0000] {taskinstance.py:3498} INFO - 0 downstream tasks scheduled from follow-on schedule check
[2025-12-04T00:24:23.952+0000] {local_task_job_runner.py:222} INFO - ::endgroup::
