[2025-12-04T00:42:16.093+0000] {local_task_job_runner.py:120} INFO - ::group::Pre task execution logs
[2025-12-04T00:42:16.136+0000] {taskinstance.py:2076} INFO - Dependencies all met for dep_context=non-requeueable deps ti=<TaskInstance: weather_elt_pipeline.transform_weather_data manual__2025-12-04T00:41:25.872855+00:00 [queued]>
[2025-12-04T00:42:16.150+0000] {taskinstance.py:2076} INFO - Dependencies all met for dep_context=requeueable deps ti=<TaskInstance: weather_elt_pipeline.transform_weather_data manual__2025-12-04T00:41:25.872855+00:00 [queued]>
[2025-12-04T00:42:16.152+0000] {taskinstance.py:2306} INFO - Starting attempt 1 of 2
[2025-12-04T00:42:16.176+0000] {taskinstance.py:2330} INFO - Executing <Task(PostgresOperator): transform_weather_data> on 2025-12-04 00:41:25.872855+00:00
[2025-12-04T00:42:16.185+0000] {standard_task_runner.py:63} INFO - Started process 339 to run task
[2025-12-04T00:42:16.190+0000] {standard_task_runner.py:90} INFO - Running: ['airflow', 'tasks', 'run', 'weather_elt_pipeline', 'transform_weather_data', 'manual__2025-12-04T00:41:25.872855+00:00', '--job-id', '21', '--raw', '--subdir', 'DAGS_FOLDER/weather_elt_dag.py', '--cfg-path', '/tmp/tmpdorfty3w']
[2025-12-04T00:42:16.193+0000] {standard_task_runner.py:91} INFO - Job 21: Subtask transform_weather_data
[2025-12-04T00:42:16.315+0000] {task_command.py:426} INFO - Running <TaskInstance: weather_elt_pipeline.transform_weather_data manual__2025-12-04T00:41:25.872855+00:00 [running]> on host 58daea5025c5
[2025-12-04T00:42:16.466+0000] {taskinstance.py:2648} INFO - Exporting env vars: AIRFLOW_CTX_DAG_OWNER='airflow' AIRFLOW_CTX_DAG_ID='weather_elt_pipeline' AIRFLOW_CTX_TASK_ID='transform_weather_data' AIRFLOW_CTX_EXECUTION_DATE='2025-12-04T00:41:25.872855+00:00' AIRFLOW_CTX_TRY_NUMBER='1' AIRFLOW_CTX_DAG_RUN_ID='manual__2025-12-04T00:41:25.872855+00:00'
[2025-12-04T00:42:16.468+0000] {taskinstance.py:430} INFO - ::endgroup::
[2025-12-04T00:42:16.487+0000] {sql.py:276} INFO - Executing: -- Create analytics table if it doesn't exist
CREATE TABLE IF NOT EXISTS analytics_weather (
    analytics_id SERIAL PRIMARY KEY,
    city VARCHAR(100) UNIQUE,
    avg_temperature FLOAT,
    max_temperature FLOAT,
    min_temperature FLOAT,
    avg_humidity FLOAT,
    total_precipitation FLOAT,
    record_count INT,
    last_updated TIMESTAMP DEFAULT NOW()
);

-- Transform and Load logic (Upsert based on city)
INSERT INTO analytics_weather (city, avg_temperature, max_temperature, min_temperature, avg_humidity, total_precipitation, record_count, last_updated)
SELECT 
    city,
    AVG(temperature_2m) as avg_temperature,
    MAX(temperature_2m) as max_temperature,
    MIN(temperature_2m) as min_temperature,
    AVG(relative_humidity_2m) as avg_humidity,
    SUM(precipitation_mm) as total_precipitation,
    COUNT(*) as record_count,
    NOW() as last_updated
FROM raw_weather_events
GROUP BY city
ON CONFLICT (city) 
DO UPDATE SET
    avg_temperature = EXCLUDED.avg_temperature,
    max_temperature = EXCLUDED.max_temperature,
    min_temperature = EXCLUDED.min_temperature,
    avg_humidity = EXCLUDED.avg_humidity,
    total_precipitation = EXCLUDED.total_precipitation,
    record_count = EXCLUDED.record_count,
    last_updated = NOW();

-- Note: The above logic is a simple aggregation. 
-- In a real scenario, you might want to aggregate by day/hour or append new daily stats instead of overwriting by city.
-- For this assignment, we are creating a summary table for the dashboard.
[2025-12-04T00:42:16.596+0000] {base.py:84} INFO - Using connection ID 'postgres_default' for task execution.
[2025-12-04T00:42:16.612+0000] {base.py:84} INFO - Using connection ID 'postgres_default' for task execution.
[2025-12-04T00:42:16.623+0000] {sql.py:470} INFO - Running statement: -- Create analytics table if it doesn't exist
CREATE TABLE IF NOT EXISTS analytics_weather (
    analytics_id SERIAL PRIMARY KEY,
    city VARCHAR(100) UNIQUE,
    avg_temperature FLOAT,
    max_temperature FLOAT,
    min_temperature FLOAT,
    avg_humidity FLOAT,
    total_precipitation FLOAT,
    record_count INT,
    last_updated TIMESTAMP DEFAULT NOW()
);

-- Transform and Load logic (Upsert based on city)
INSERT INTO analytics_weather (city, avg_temperature, max_temperature, min_temperature, avg_humidity, total_precipitation, record_count, last_updated)
SELECT 
    city,
    AVG(temperature_2m) as avg_temperature,
    MAX(temperature_2m) as max_temperature,
    MIN(temperature_2m) as min_temperature,
    AVG(relative_humidity_2m) as avg_humidity,
    SUM(precipitation_mm) as total_precipitation,
    COUNT(*) as record_count,
    NOW() as last_updated
FROM raw_weather_events
GROUP BY city
ON CONFLICT (city) 
DO UPDATE SET
    avg_temperature = EXCLUDED.avg_temperature,
    max_temperature = EXCLUDED.max_temperature,
    min_temperature = EXCLUDED.min_temperature,
    avg_humidity = EXCLUDED.avg_humidity,
    total_precipitation = EXCLUDED.total_precipitation,
    record_count = EXCLUDED.record_count,
    last_updated = NOW();

-- Note: The above logic is a simple aggregation. 
-- In a real scenario, you might want to aggregate by day/hour or append new daily stats instead of overwriting by city.
-- For this assignment, we are creating a summary table for the dashboard., parameters: None
[2025-12-04T00:42:16.636+0000] {sql.py:479} INFO - Rows affected: 10
[2025-12-04T00:42:16.641+0000] {taskinstance.py:441} INFO - ::group::Post task execution logs
[2025-12-04T00:42:16.658+0000] {taskinstance.py:1206} INFO - Marking task as SUCCESS. dag_id=weather_elt_pipeline, task_id=transform_weather_data, run_id=manual__2025-12-04T00:41:25.872855+00:00, execution_date=20251204T004125, start_date=20251204T004216, end_date=20251204T004216
[2025-12-04T00:42:16.733+0000] {local_task_job_runner.py:240} INFO - Task exited with return code 0
[2025-12-04T00:42:16.759+0000] {taskinstance.py:3498} INFO - 0 downstream tasks scheduled from follow-on schedule check
[2025-12-04T00:42:16.765+0000] {local_task_job_runner.py:222} INFO - ::endgroup::
