[2025-12-04T00:31:28.549+0000] {local_task_job_runner.py:120} INFO - ::group::Pre task execution logs
[2025-12-04T00:31:28.824+0000] {taskinstance.py:2076} INFO - Dependencies all met for dep_context=non-requeueable deps ti=<TaskInstance: weather_elt_pipeline.consume_weather_to_postgres manual__2025-12-04T00:28:00.963778+00:00 [queued]>
[2025-12-04T00:31:28.847+0000] {taskinstance.py:2076} INFO - Dependencies all met for dep_context=requeueable deps ti=<TaskInstance: weather_elt_pipeline.consume_weather_to_postgres manual__2025-12-04T00:28:00.963778+00:00 [queued]>
[2025-12-04T00:31:28.853+0000] {taskinstance.py:2306} INFO - Starting attempt 1 of 2
[2025-12-04T00:31:28.910+0000] {taskinstance.py:2330} INFO - Executing <Task(BashOperator): consume_weather_to_postgres> on 2025-12-04 00:28:00.963778+00:00
[2025-12-04T00:31:28.945+0000] {standard_task_runner.py:63} INFO - Started process 188 to run task
[2025-12-04T00:31:28.954+0000] {standard_task_runner.py:90} INFO - Running: ['airflow', 'tasks', 'run', 'weather_elt_pipeline', 'consume_weather_to_postgres', 'manual__2025-12-04T00:28:00.963778+00:00', '--job-id', '12', '--raw', '--subdir', 'DAGS_FOLDER/weather_elt_dag.py', '--cfg-path', '/tmp/tmp_8l3b96e']
[2025-12-04T00:31:28.960+0000] {standard_task_runner.py:91} INFO - Job 12: Subtask consume_weather_to_postgres
[2025-12-04T00:31:29.131+0000] {task_command.py:426} INFO - Running <TaskInstance: weather_elt_pipeline.consume_weather_to_postgres manual__2025-12-04T00:28:00.963778+00:00 [running]> on host 58daea5025c5
[2025-12-04T00:31:29.352+0000] {taskinstance.py:2648} INFO - Exporting env vars: AIRFLOW_CTX_DAG_OWNER='airflow' AIRFLOW_CTX_DAG_ID='weather_elt_pipeline' AIRFLOW_CTX_TASK_ID='consume_weather_to_postgres' AIRFLOW_CTX_EXECUTION_DATE='2025-12-04T00:28:00.963778+00:00' AIRFLOW_CTX_TRY_NUMBER='1' AIRFLOW_CTX_DAG_RUN_ID='manual__2025-12-04T00:28:00.963778+00:00'
[2025-12-04T00:31:29.354+0000] {taskinstance.py:430} INFO - ::endgroup::
[2025-12-04T00:31:29.385+0000] {subprocess.py:63} INFO - Tmp dir root location: /tmp
[2025-12-04T00:31:29.389+0000] {subprocess.py:75} INFO - Running command: ['/usr/bin/bash', '-c', 'python /opt/airflow/consumers/raw_to_postgres.py --batch']
[2025-12-04T00:31:29.419+0000] {subprocess.py:86} INFO - Output:
[2025-12-04T00:31:37.096+0000] {subprocess.py:93} INFO - Consumer → PostgreSQL iniciado
[2025-12-04T00:31:37.097+0000] {subprocess.py:93} INFO - Batch mode: No hay mensajes, verificando timeout...
[2025-12-04T00:31:37.099+0000] {subprocess.py:93} INFO - Batch mode: Timeout alcanzado, finalizando.
[2025-12-04T00:31:37.137+0000] {subprocess.py:97} INFO - Command exited with return code 0
[2025-12-04T00:31:37.140+0000] {taskinstance.py:441} INFO - ::group::Post task execution logs
[2025-12-04T00:31:37.202+0000] {taskinstance.py:1206} INFO - Marking task as SUCCESS. dag_id=weather_elt_pipeline, task_id=consume_weather_to_postgres, run_id=manual__2025-12-04T00:28:00.963778+00:00, execution_date=20251204T002800, start_date=20251204T003128, end_date=20251204T003137
[2025-12-04T00:31:37.269+0000] {local_task_job_runner.py:240} INFO - Task exited with return code 0
[2025-12-04T00:31:37.301+0000] {logging_mixin.py:188} WARNING - /home/airflow/.local/lib/python3.10/site-packages/airflow/models/baseoperator.py:1296 AirflowProviderDeprecationWarning: Call to deprecated class PostgresOperator. (Please use `airflow.providers.common.sql.operators.sql.SQLExecuteQueryOperator`.Also, you can provide `hook_params={'schema': <database>}`.)
[2025-12-04T00:31:37.338+0000] {taskinstance.py:3498} INFO - 1 downstream tasks scheduled from follow-on schedule check
[2025-12-04T00:31:37.344+0000] {local_task_job_runner.py:222} INFO - ::endgroup::
