[2025-12-04T00:31:28.568+0000] {local_task_job_runner.py:120} INFO - ::group::Pre task execution logs
[2025-12-04T00:31:28.777+0000] {taskinstance.py:2076} INFO - Dependencies all met for dep_context=non-requeueable deps ti=<TaskInstance: weather_elt_pipeline.consume_weather_to_postgres scheduled__2025-12-03T23:00:00+00:00 [queued]>
[2025-12-04T00:31:28.798+0000] {taskinstance.py:2076} INFO - Dependencies all met for dep_context=requeueable deps ti=<TaskInstance: weather_elt_pipeline.consume_weather_to_postgres scheduled__2025-12-03T23:00:00+00:00 [queued]>
[2025-12-04T00:31:28.805+0000] {taskinstance.py:2306} INFO - Starting attempt 1 of 2
[2025-12-04T00:31:28.853+0000] {taskinstance.py:2330} INFO - Executing <Task(BashOperator): consume_weather_to_postgres> on 2025-12-03 23:00:00+00:00
[2025-12-04T00:31:28.904+0000] {standard_task_runner.py:63} INFO - Started process 187 to run task
[2025-12-04T00:31:28.922+0000] {standard_task_runner.py:90} INFO - Running: ['airflow', 'tasks', 'run', 'weather_elt_pipeline', 'consume_weather_to_postgres', 'scheduled__2025-12-03T23:00:00+00:00', '--job-id', '11', '--raw', '--subdir', 'DAGS_FOLDER/weather_elt_dag.py', '--cfg-path', '/tmp/tmpab6k2ls0']
[2025-12-04T00:31:28.930+0000] {standard_task_runner.py:91} INFO - Job 11: Subtask consume_weather_to_postgres
[2025-12-04T00:31:29.147+0000] {task_command.py:426} INFO - Running <TaskInstance: weather_elt_pipeline.consume_weather_to_postgres scheduled__2025-12-03T23:00:00+00:00 [running]> on host 58daea5025c5
[2025-12-04T00:31:29.362+0000] {taskinstance.py:2648} INFO - Exporting env vars: AIRFLOW_CTX_DAG_OWNER='airflow' AIRFLOW_CTX_DAG_ID='weather_elt_pipeline' AIRFLOW_CTX_TASK_ID='consume_weather_to_postgres' AIRFLOW_CTX_EXECUTION_DATE='2025-12-03T23:00:00+00:00' AIRFLOW_CTX_TRY_NUMBER='1' AIRFLOW_CTX_DAG_RUN_ID='scheduled__2025-12-03T23:00:00+00:00'
[2025-12-04T00:31:29.364+0000] {taskinstance.py:430} INFO - ::endgroup::
[2025-12-04T00:31:29.396+0000] {subprocess.py:63} INFO - Tmp dir root location: /tmp
[2025-12-04T00:31:29.405+0000] {subprocess.py:75} INFO - Running command: ['/usr/bin/bash', '-c', 'python /opt/airflow/consumers/raw_to_postgres.py --batch']
[2025-12-04T00:31:29.469+0000] {subprocess.py:86} INFO - Output:
[2025-12-04T00:31:37.093+0000] {subprocess.py:93} INFO - Consumer → PostgreSQL iniciado
[2025-12-04T00:31:37.094+0000] {subprocess.py:93} INFO - Batch mode: No hay mensajes, verificando timeout...
[2025-12-04T00:31:37.096+0000] {subprocess.py:93} INFO - Batch mode: Timeout alcanzado, finalizando.
[2025-12-04T00:31:37.139+0000] {subprocess.py:97} INFO - Command exited with return code 0
[2025-12-04T00:31:37.142+0000] {taskinstance.py:441} INFO - ::group::Post task execution logs
[2025-12-04T00:31:37.207+0000] {taskinstance.py:1206} INFO - Marking task as SUCCESS. dag_id=weather_elt_pipeline, task_id=consume_weather_to_postgres, run_id=scheduled__2025-12-03T23:00:00+00:00, execution_date=20251203T230000, start_date=20251204T003128, end_date=20251204T003137
[2025-12-04T00:31:37.263+0000] {local_task_job_runner.py:240} INFO - Task exited with return code 0
[2025-12-04T00:31:37.297+0000] {logging_mixin.py:188} WARNING - /home/airflow/.local/lib/python3.10/site-packages/airflow/models/baseoperator.py:1296 AirflowProviderDeprecationWarning: Call to deprecated class PostgresOperator. (Please use `airflow.providers.common.sql.operators.sql.SQLExecuteQueryOperator`.Also, you can provide `hook_params={'schema': <database>}`.)
[2025-12-04T00:31:37.330+0000] {taskinstance.py:3498} INFO - 1 downstream tasks scheduled from follow-on schedule check
[2025-12-04T00:31:37.335+0000] {local_task_job_runner.py:222} INFO - ::endgroup::
