[2025-12-04T00:41:40.755+0000] {local_task_job_runner.py:120} INFO - ::group::Pre task execution logs
[2025-12-04T00:41:40.811+0000] {taskinstance.py:2076} INFO - Dependencies all met for dep_context=non-requeueable deps ti=<TaskInstance: weather_elt_pipeline.consume_weather_to_postgres manual__2025-12-04T00:41:25.872855+00:00 [queued]>
[2025-12-04T00:41:40.830+0000] {taskinstance.py:2076} INFO - Dependencies all met for dep_context=requeueable deps ti=<TaskInstance: weather_elt_pipeline.consume_weather_to_postgres manual__2025-12-04T00:41:25.872855+00:00 [queued]>
[2025-12-04T00:41:40.832+0000] {taskinstance.py:2306} INFO - Starting attempt 1 of 2
[2025-12-04T00:41:40.863+0000] {taskinstance.py:2330} INFO - Executing <Task(BashOperator): consume_weather_to_postgres> on 2025-12-04 00:41:25.872855+00:00
[2025-12-04T00:41:40.878+0000] {standard_task_runner.py:63} INFO - Started process 325 to run task
[2025-12-04T00:41:40.883+0000] {standard_task_runner.py:90} INFO - Running: ['airflow', 'tasks', 'run', 'weather_elt_pipeline', 'consume_weather_to_postgres', 'manual__2025-12-04T00:41:25.872855+00:00', '--job-id', '20', '--raw', '--subdir', 'DAGS_FOLDER/weather_elt_dag.py', '--cfg-path', '/tmp/tmpohdlwi7m']
[2025-12-04T00:41:40.888+0000] {standard_task_runner.py:91} INFO - Job 20: Subtask consume_weather_to_postgres
[2025-12-04T00:41:41.009+0000] {task_command.py:426} INFO - Running <TaskInstance: weather_elt_pipeline.consume_weather_to_postgres manual__2025-12-04T00:41:25.872855+00:00 [running]> on host 58daea5025c5
[2025-12-04T00:41:41.175+0000] {taskinstance.py:2648} INFO - Exporting env vars: AIRFLOW_CTX_DAG_OWNER='airflow' AIRFLOW_CTX_DAG_ID='weather_elt_pipeline' AIRFLOW_CTX_TASK_ID='consume_weather_to_postgres' AIRFLOW_CTX_EXECUTION_DATE='2025-12-04T00:41:25.872855+00:00' AIRFLOW_CTX_TRY_NUMBER='1' AIRFLOW_CTX_DAG_RUN_ID='manual__2025-12-04T00:41:25.872855+00:00'
[2025-12-04T00:41:41.178+0000] {taskinstance.py:430} INFO - ::endgroup::
[2025-12-04T00:41:41.196+0000] {subprocess.py:63} INFO - Tmp dir root location: /tmp
[2025-12-04T00:41:41.201+0000] {subprocess.py:75} INFO - Running command: ['/usr/bin/bash', '-c', 'python /opt/airflow/consumers/raw_to_postgres.py --batch']
[2025-12-04T00:41:41.231+0000] {subprocess.py:86} INFO - Output:
[2025-12-04T00:42:15.261+0000] {subprocess.py:93} INFO - Consumer → PostgreSQL iniciado
[2025-12-04T00:42:15.264+0000] {subprocess.py:93} INFO - Batch mode: Esperando mensajes... (1/30)
[2025-12-04T00:42:15.266+0000] {subprocess.py:93} INFO - Batch mode: Esperando mensajes... (2/30)
[2025-12-04T00:42:15.266+0000] {subprocess.py:93} INFO - Batch mode: Esperando mensajes... (3/30)
[2025-12-04T00:42:15.267+0000] {subprocess.py:93} INFO - Insertado → Ciudad de México 19.4°C
[2025-12-04T00:42:15.268+0000] {subprocess.py:93} INFO - Insertado → Madrid 5.7°C
[2025-12-04T00:42:15.270+0000] {subprocess.py:93} INFO - Insertado → Bogotá 14.6°C
[2025-12-04T00:42:15.271+0000] {subprocess.py:93} INFO - Insertado → Lima 17.8°C
[2025-12-04T00:42:15.272+0000] {subprocess.py:93} INFO - Insertado → Ciudad de México 19.4°C
[2025-12-04T00:42:15.273+0000] {subprocess.py:93} INFO - Insertado → Madrid 5.7°C
[2025-12-04T00:42:15.273+0000] {subprocess.py:93} INFO - Insertado → Bogotá 14.6°C
[2025-12-04T00:42:15.274+0000] {subprocess.py:93} INFO - Insertado → Lima 17.8°C
[2025-12-04T00:42:15.275+0000] {subprocess.py:93} INFO - Insertado → Buenos Aires 25.1°C
[2025-12-04T00:42:15.276+0000] {subprocess.py:93} INFO - Insertado → Buenos Aires 25.1°C
[2025-12-04T00:42:15.277+0000] {subprocess.py:93} INFO - Insertado → Santiago 22.7°C
[2025-12-04T00:42:15.278+0000] {subprocess.py:93} INFO - Insertado → Santiago 22.7°C
[2025-12-04T00:42:15.279+0000] {subprocess.py:93} INFO - Insertado → São Paulo 19.8°C
[2025-12-04T00:42:15.279+0000] {subprocess.py:93} INFO - Insertado → São Paulo 19.8°C
[2025-12-04T00:42:15.280+0000] {subprocess.py:93} INFO - Insertado → Lisboa 13.2°C
[2025-12-04T00:42:15.281+0000] {subprocess.py:93} INFO - Insertado → Lisboa 13.2°C
[2025-12-04T00:42:15.282+0000] {subprocess.py:93} INFO - Insertado → Miami 22.2°C
[2025-12-04T00:42:15.283+0000] {subprocess.py:93} INFO - Insertado → Miami 22.2°C
[2025-12-04T00:42:15.284+0000] {subprocess.py:93} INFO - Insertado → La Paz 7.3°C
[2025-12-04T00:42:15.284+0000] {subprocess.py:93} INFO - Insertado → La Paz 7.3°C
[2025-12-04T00:42:15.285+0000] {subprocess.py:93} INFO - Insertado → Ciudad de México 19.4°C
[2025-12-04T00:42:15.285+0000] {subprocess.py:93} INFO - Insertado → Madrid 5.7°C
[2025-12-04T00:42:15.286+0000] {subprocess.py:93} INFO - Insertado → Bogotá 14.6°C
[2025-12-04T00:42:15.287+0000] {subprocess.py:93} INFO - Insertado → Lima 17.8°C
[2025-12-04T00:42:15.288+0000] {subprocess.py:93} INFO - Insertado → Buenos Aires 25.1°C
[2025-12-04T00:42:15.288+0000] {subprocess.py:93} INFO - Insertado → Santiago 22.7°C
[2025-12-04T00:42:15.289+0000] {subprocess.py:93} INFO - Insertado → São Paulo 19.8°C
[2025-12-04T00:42:15.289+0000] {subprocess.py:93} INFO - Insertado → Lisboa 13.2°C
[2025-12-04T00:42:15.290+0000] {subprocess.py:93} INFO - Insertado → Miami 22.2°C
[2025-12-04T00:42:15.291+0000] {subprocess.py:93} INFO - Insertado → La Paz 7.3°C
[2025-12-04T00:42:15.291+0000] {subprocess.py:93} INFO - Insertado → Ciudad de México 19.4°C
[2025-12-04T00:42:15.292+0000] {subprocess.py:93} INFO - Insertado → Madrid 5.7°C
[2025-12-04T00:42:15.293+0000] {subprocess.py:93} INFO - Insertado → Bogotá 14.6°C
[2025-12-04T00:42:15.294+0000] {subprocess.py:93} INFO - Insertado → Lima 17.8°C
[2025-12-04T00:42:15.294+0000] {subprocess.py:93} INFO - Insertado → Buenos Aires 25.1°C
[2025-12-04T00:42:15.295+0000] {subprocess.py:93} INFO - Insertado → Santiago 22.7°C
[2025-12-04T00:42:15.295+0000] {subprocess.py:93} INFO - Insertado → São Paulo 19.8°C
[2025-12-04T00:42:15.296+0000] {subprocess.py:93} INFO - Insertado → Lisboa 13.2°C
[2025-12-04T00:42:15.296+0000] {subprocess.py:93} INFO - Insertado → Miami 22.2°C
[2025-12-04T00:42:15.297+0000] {subprocess.py:93} INFO - Insertado → La Paz 7.3°C
[2025-12-04T00:42:15.298+0000] {subprocess.py:93} INFO - Batch mode: Esperando mensajes... (1/30)
[2025-12-04T00:42:15.299+0000] {subprocess.py:93} INFO - Batch mode: Esperando mensajes... (2/30)
[2025-12-04T00:42:15.300+0000] {subprocess.py:93} INFO - Batch mode: Esperando mensajes... (3/30)
[2025-12-04T00:42:15.301+0000] {subprocess.py:93} INFO - Batch mode: Esperando mensajes... (4/30)
[2025-12-04T00:42:15.302+0000] {subprocess.py:93} INFO - Batch mode: Esperando mensajes... (5/30)
[2025-12-04T00:42:15.303+0000] {subprocess.py:93} INFO - Batch mode: Esperando mensajes... (6/30)
[2025-12-04T00:42:15.303+0000] {subprocess.py:93} INFO - Batch mode: Esperando mensajes... (7/30)
[2025-12-04T00:42:15.304+0000] {subprocess.py:93} INFO - Batch mode: Esperando mensajes... (8/30)
[2025-12-04T00:42:15.305+0000] {subprocess.py:93} INFO - Batch mode: Esperando mensajes... (9/30)
[2025-12-04T00:42:15.305+0000] {subprocess.py:93} INFO - Batch mode: Esperando mensajes... (10/30)
[2025-12-04T00:42:15.306+0000] {subprocess.py:93} INFO - Batch mode: Esperando mensajes... (11/30)
[2025-12-04T00:42:15.307+0000] {subprocess.py:93} INFO - Batch mode: Esperando mensajes... (12/30)
[2025-12-04T00:42:15.307+0000] {subprocess.py:93} INFO - Batch mode: Esperando mensajes... (13/30)
[2025-12-04T00:42:15.308+0000] {subprocess.py:93} INFO - Batch mode: Esperando mensajes... (14/30)
[2025-12-04T00:42:15.310+0000] {subprocess.py:93} INFO - Batch mode: Esperando mensajes... (15/30)
[2025-12-04T00:42:15.311+0000] {subprocess.py:93} INFO - Batch mode: Esperando mensajes... (16/30)
[2025-12-04T00:42:15.312+0000] {subprocess.py:93} INFO - Batch mode: Esperando mensajes... (17/30)
[2025-12-04T00:42:15.312+0000] {subprocess.py:93} INFO - Batch mode: Esperando mensajes... (18/30)
[2025-12-04T00:42:15.313+0000] {subprocess.py:93} INFO - Batch mode: Esperando mensajes... (19/30)
[2025-12-04T00:42:15.314+0000] {subprocess.py:93} INFO - Batch mode: Esperando mensajes... (20/30)
[2025-12-04T00:42:15.315+0000] {subprocess.py:93} INFO - Batch mode: Esperando mensajes... (21/30)
[2025-12-04T00:42:15.316+0000] {subprocess.py:93} INFO - Batch mode: Esperando mensajes... (22/30)
[2025-12-04T00:42:15.317+0000] {subprocess.py:93} INFO - Batch mode: Esperando mensajes... (23/30)
[2025-12-04T00:42:15.318+0000] {subprocess.py:93} INFO - Batch mode: Esperando mensajes... (24/30)
[2025-12-04T00:42:15.319+0000] {subprocess.py:93} INFO - Batch mode: Esperando mensajes... (25/30)
[2025-12-04T00:42:15.320+0000] {subprocess.py:93} INFO - Batch mode: Esperando mensajes... (26/30)
[2025-12-04T00:42:15.320+0000] {subprocess.py:93} INFO - Batch mode: Esperando mensajes... (27/30)
[2025-12-04T00:42:15.321+0000] {subprocess.py:93} INFO - Batch mode: Esperando mensajes... (28/30)
[2025-12-04T00:42:15.322+0000] {subprocess.py:93} INFO - Batch mode: Esperando mensajes... (29/30)
[2025-12-04T00:42:15.322+0000] {subprocess.py:93} INFO - Batch mode: Esperando mensajes... (30/30)
[2025-12-04T00:42:15.323+0000] {subprocess.py:93} INFO - Batch mode: Timeout alcanzado sin nuevos mensajes. Finalizando.
[2025-12-04T00:42:15.324+0000] {subprocess.py:97} INFO - Command exited with return code 0
[2025-12-04T00:42:15.326+0000] {taskinstance.py:441} INFO - ::group::Post task execution logs
[2025-12-04T00:42:15.425+0000] {taskinstance.py:1206} INFO - Marking task as SUCCESS. dag_id=weather_elt_pipeline, task_id=consume_weather_to_postgres, run_id=manual__2025-12-04T00:41:25.872855+00:00, execution_date=20251204T004125, start_date=20251204T004140, end_date=20251204T004215
[2025-12-04T00:42:15.487+0000] {local_task_job_runner.py:240} INFO - Task exited with return code 0
[2025-12-04T00:42:15.511+0000] {logging_mixin.py:188} WARNING - /home/airflow/.local/lib/python3.10/site-packages/airflow/models/baseoperator.py:1296 AirflowProviderDeprecationWarning: Call to deprecated class PostgresOperator. (Please use `airflow.providers.common.sql.operators.sql.SQLExecuteQueryOperator`.Also, you can provide `hook_params={'schema': <database>}`.)
[2025-12-04T00:42:15.519+0000] {taskinstance.py:3498} INFO - 0 downstream tasks scheduled from follow-on schedule check
[2025-12-04T00:42:15.525+0000] {local_task_job_runner.py:222} INFO - ::endgroup::
