[2025-12-04T00:02:19.897+0000] {manager.py:470} INFO - Processing files using up to 2 processes at a time 
[2025-12-04T00:02:19.901+0000] {manager.py:471} INFO - Process each file at most once every 30 seconds
[2025-12-04T00:02:19.906+0000] {manager.py:472} INFO - Checking for new files in /opt/airflow/dags every 300 seconds
[2025-12-04T00:02:19.910+0000] {manager.py:737} INFO - Searching for files in /opt/airflow/dags
[2025-12-04T00:02:20.002+0000] {manager.py:740} INFO - There are 1 files in /opt/airflow/dags
[2025-12-04T00:02:22.781+0000] {manager.py:878} INFO - 
================================================================================
DAG File Processing Stats

File Path                               PID  Runtime      # DAGs    # Errors  Last Runtime    Last Run
------------------------------------  -----  ---------  --------  ----------  --------------  ----------
/opt/airflow/dags/weather_elt_dag.py    168  1.31s             0           0
================================================================================
[2025-12-04T00:02:52.581+0000] {manager.py:878} INFO - 
================================================================================
DAG File Processing Stats

File Path                             PID    Runtime      # DAGs    # Errors  Last Runtime    Last Run
------------------------------------  -----  ---------  --------  ----------  --------------  -------------------
/opt/airflow/dags/weather_elt_dag.py                           1           0  4.41s           2025-12-04T00:02:25
================================================================================
[2025-12-04T00:03:22.163+0000] {manager.py:878} INFO - 
================================================================================
DAG File Processing Stats

File Path                             PID    Runtime      # DAGs    # Errors  Last Runtime    Last Run
------------------------------------  -----  ---------  --------  ----------  --------------  -------------------
/opt/airflow/dags/weather_elt_dag.py                           1           0  0.80s           2025-12-04T00:02:57
================================================================================
[2025-12-04T00:03:52.272+0000] {manager.py:878} INFO - 
================================================================================
DAG File Processing Stats

File Path                             PID    Runtime      # DAGs    # Errors  Last Runtime    Last Run
------------------------------------  -----  ---------  --------  ----------  --------------  -------------------
/opt/airflow/dags/weather_elt_dag.py                           1           0  1.02s           2025-12-04T00:03:28
================================================================================
[2025-12-04T00:04:22.484+0000] {manager.py:878} INFO - 
================================================================================
DAG File Processing Stats

File Path                             PID    Runtime      # DAGs    # Errors  Last Runtime    Last Run
------------------------------------  -----  ---------  --------  ----------  --------------  -------------------
/opt/airflow/dags/weather_elt_dag.py                           1           0  1.09s           2025-12-04T00:03:59
================================================================================
[2025-12-04T00:04:52.026+0000] {manager.py:878} INFO - 
================================================================================
DAG File Processing Stats

File Path                             PID    Runtime      # DAGs    # Errors  Last Runtime    Last Run
------------------------------------  -----  ---------  --------  ----------  --------------  -------------------
/opt/airflow/dags/weather_elt_dag.py                           1           0  0.82s           2025-12-04T00:04:31
================================================================================
[2025-12-04T00:05:21.850+0000] {manager.py:878} INFO - 
================================================================================
DAG File Processing Stats

File Path                             PID    Runtime      # DAGs    # Errors  Last Runtime    Last Run
------------------------------------  -----  ---------  --------  ----------  --------------  -------------------
/opt/airflow/dags/weather_elt_dag.py                           1           0  0.48s           2025-12-04T00:05:02
================================================================================
[2025-12-04T00:05:51.515+0000] {manager.py:878} INFO - 
================================================================================
DAG File Processing Stats

File Path                             PID    Runtime      # DAGs    # Errors  Last Runtime    Last Run
------------------------------------  -----  ---------  --------  ----------  --------------  -------------------
/opt/airflow/dags/weather_elt_dag.py                           1           0  0.29s           2025-12-04T00:05:33
================================================================================
[2025-12-04T00:06:21.510+0000] {manager.py:878} INFO - 
================================================================================
DAG File Processing Stats

File Path                             PID    Runtime      # DAGs    # Errors  Last Runtime    Last Run
------------------------------------  -----  ---------  --------  ----------  --------------  -------------------
/opt/airflow/dags/weather_elt_dag.py                           1           0  0.43s           2025-12-04T00:06:04
================================================================================
[2025-12-04T00:06:51.290+0000] {manager.py:878} INFO - 
================================================================================
DAG File Processing Stats

File Path                             PID    Runtime      # DAGs    # Errors  Last Runtime    Last Run
------------------------------------  -----  ---------  --------  ----------  --------------  -------------------
/opt/airflow/dags/weather_elt_dag.py                           1           0  0.49s           2025-12-04T00:06:35
================================================================================
[2025-12-04T00:07:20.136+0000] {manager.py:737} INFO - Searching for files in /opt/airflow/dags
[2025-12-04T00:07:20.210+0000] {manager.py:740} INFO - There are 1 files in /opt/airflow/dags
[2025-12-04T00:07:20.925+0000] {manager.py:878} INFO - 
================================================================================
DAG File Processing Stats

File Path                             PID    Runtime      # DAGs    # Errors  Last Runtime    Last Run
------------------------------------  -----  ---------  --------  ----------  --------------  -------------------
/opt/airflow/dags/weather_elt_dag.py                           1           0  0.28s           2025-12-04T00:07:05
================================================================================
[2025-12-04T00:07:50.998+0000] {manager.py:878} INFO - 
================================================================================
DAG File Processing Stats

File Path                             PID    Runtime      # DAGs    # Errors  Last Runtime    Last Run
------------------------------------  -----  ---------  --------  ----------  --------------  -------------------
/opt/airflow/dags/weather_elt_dag.py                           1           0  0.60s           2025-12-04T00:07:36
================================================================================
[2025-12-04T00:08:20.414+0000] {manager.py:878} INFO - 
================================================================================
DAG File Processing Stats

File Path                             PID    Runtime      # DAGs    # Errors  Last Runtime    Last Run
------------------------------------  -----  ---------  --------  ----------  --------------  -------------------
/opt/airflow/dags/weather_elt_dag.py                           1           0  0.45s           2025-12-04T00:08:07
================================================================================
[2025-12-04T00:08:50.072+0000] {manager.py:878} INFO - 
================================================================================
DAG File Processing Stats

File Path                             PID    Runtime      # DAGs    # Errors  Last Runtime    Last Run
------------------------------------  -----  ---------  --------  ----------  --------------  -------------------
/opt/airflow/dags/weather_elt_dag.py                           1           0  0.37s           2025-12-04T00:08:38
================================================================================
[2025-12-04T00:09:19.760+0000] {manager.py:878} INFO - 
================================================================================
DAG File Processing Stats

File Path                             PID    Runtime      # DAGs    # Errors  Last Runtime    Last Run
------------------------------------  -----  ---------  --------  ----------  --------------  -------------------
/opt/airflow/dags/weather_elt_dag.py                           1           0  0.26s           2025-12-04T00:09:08
================================================================================
[2025-12-04T00:09:49.644+0000] {manager.py:878} INFO - 
================================================================================
DAG File Processing Stats

File Path                             PID    Runtime      # DAGs    # Errors  Last Runtime    Last Run
------------------------------------  -----  ---------  --------  ----------  --------------  -------------------
/opt/airflow/dags/weather_elt_dag.py                           1           0  0.54s           2025-12-04T00:09:39
================================================================================
[2025-12-04T00:10:19.535+0000] {manager.py:878} INFO - 
================================================================================
DAG File Processing Stats

File Path                             PID    Runtime      # DAGs    # Errors  Last Runtime    Last Run
------------------------------------  -----  ---------  --------  ----------  --------------  -------------------
/opt/airflow/dags/weather_elt_dag.py                           1           0  0.25s           2025-12-04T00:10:10
================================================================================
[2025-12-04T00:10:49.170+0000] {manager.py:878} INFO - 
================================================================================
DAG File Processing Stats

File Path                             PID    Runtime      # DAGs    # Errors  Last Runtime    Last Run
------------------------------------  -----  ---------  --------  ----------  --------------  -------------------
/opt/airflow/dags/weather_elt_dag.py                           1           0  0.72s           2025-12-04T00:10:41
================================================================================
[2025-12-04T00:11:18.793+0000] {manager.py:878} INFO - 
================================================================================
DAG File Processing Stats

File Path                             PID    Runtime      # DAGs    # Errors  Last Runtime    Last Run
------------------------------------  -----  ---------  --------  ----------  --------------  -------------------
/opt/airflow/dags/weather_elt_dag.py                           1           0  0.26s           2025-12-04T00:11:12
================================================================================
[2025-12-04T00:11:48.494+0000] {manager.py:878} INFO - 
================================================================================
DAG File Processing Stats

File Path                             PID    Runtime      # DAGs    # Errors  Last Runtime    Last Run
------------------------------------  -----  ---------  --------  ----------  --------------  -------------------
/opt/airflow/dags/weather_elt_dag.py                           1           0  0.35s           2025-12-04T00:11:43
================================================================================
[2025-12-04T00:12:17.920+0000] {manager.py:878} INFO - 
================================================================================
DAG File Processing Stats

File Path                             PID    Runtime      # DAGs    # Errors  Last Runtime    Last Run
------------------------------------  -----  ---------  --------  ----------  --------------  -------------------
/opt/airflow/dags/weather_elt_dag.py                           1           0  0.79s           2025-12-04T00:12:14
================================================================================
[2025-12-04T00:12:20.418+0000] {manager.py:737} INFO - Searching for files in /opt/airflow/dags
[2025-12-04T00:12:20.479+0000] {manager.py:740} INFO - There are 1 files in /opt/airflow/dags
[2025-12-04T00:12:47.372+0000] {manager.py:878} INFO - 
================================================================================
DAG File Processing Stats

File Path                             PID    Runtime      # DAGs    # Errors  Last Runtime    Last Run
------------------------------------  -----  ---------  --------  ----------  --------------  -------------------
/opt/airflow/dags/weather_elt_dag.py                           1           0  0.30s           2025-12-04T00:12:45
================================================================================
[2025-12-04T00:13:16.914+0000] {manager.py:878} INFO - 
================================================================================
DAG File Processing Stats

File Path                             PID    Runtime      # DAGs    # Errors  Last Runtime    Last Run
------------------------------------  -----  ---------  --------  ----------  --------------  -------------------
/opt/airflow/dags/weather_elt_dag.py                           1           0  0.67s           2025-12-04T00:13:16
================================================================================
[2025-12-04T00:13:46.577+0000] {manager.py:878} INFO - 
================================================================================
DAG File Processing Stats

File Path                               PID  Runtime      # DAGs    # Errors  Last Runtime    Last Run
------------------------------------  -----  ---------  --------  ----------  --------------  -------------------
/opt/airflow/dags/weather_elt_dag.py    278  0.01s             1           0  0.67s           2025-12-04T00:13:16
================================================================================
[2025-12-04T00:14:16.641+0000] {manager.py:878} INFO - 
================================================================================
DAG File Processing Stats

File Path                             PID    Runtime      # DAGs    # Errors  Last Runtime    Last Run
------------------------------------  -----  ---------  --------  ----------  --------------  -------------------
/opt/airflow/dags/weather_elt_dag.py                           1           0  0.52s           2025-12-04T00:13:47
================================================================================
[2025-12-04T00:14:46.374+0000] {manager.py:878} INFO - 
================================================================================
DAG File Processing Stats

File Path                             PID    Runtime      # DAGs    # Errors  Last Runtime    Last Run
------------------------------------  -----  ---------  --------  ----------  --------------  -------------------
/opt/airflow/dags/weather_elt_dag.py                           1           0  1.34s           2025-12-04T00:14:19
================================================================================
[2025-12-04T00:15:16.190+0000] {manager.py:878} INFO - 
================================================================================
DAG File Processing Stats

File Path                             PID    Runtime      # DAGs    # Errors  Last Runtime    Last Run
------------------------------------  -----  ---------  --------  ----------  --------------  -------------------
/opt/airflow/dags/weather_elt_dag.py                           1           0  0.32s           2025-12-04T00:14:49
================================================================================
[2025-12-04T00:15:45.844+0000] {manager.py:878} INFO - 
================================================================================
DAG File Processing Stats

File Path                             PID    Runtime      # DAGs    # Errors  Last Runtime    Last Run
------------------------------------  -----  ---------  --------  ----------  --------------  -------------------
/opt/airflow/dags/weather_elt_dag.py                           1           0  0.27s           2025-12-04T00:15:20
================================================================================
[2025-12-04T00:16:15.581+0000] {manager.py:878} INFO - 
================================================================================
DAG File Processing Stats

File Path                             PID    Runtime      # DAGs    # Errors  Last Runtime    Last Run
------------------------------------  -----  ---------  --------  ----------  --------------  -------------------
/opt/airflow/dags/weather_elt_dag.py                           1           0  0.63s           2025-12-04T00:15:51
================================================================================
[2025-12-04T00:16:45.176+0000] {manager.py:878} INFO - 
================================================================================
DAG File Processing Stats

File Path                             PID    Runtime      # DAGs    # Errors  Last Runtime    Last Run
------------------------------------  -----  ---------  --------  ----------  --------------  -------------------
/opt/airflow/dags/weather_elt_dag.py                           1           0  0.35s           2025-12-04T00:16:21
================================================================================
[2025-12-04T00:17:14.781+0000] {manager.py:878} INFO - 
================================================================================
DAG File Processing Stats

File Path                             PID    Runtime      # DAGs    # Errors  Last Runtime    Last Run
------------------------------------  -----  ---------  --------  ----------  --------------  -------------------
/opt/airflow/dags/weather_elt_dag.py                           1           0  0.29s           2025-12-04T00:16:52
================================================================================
[2025-12-04T00:17:20.838+0000] {manager.py:737} INFO - Searching for files in /opt/airflow/dags
[2025-12-04T00:17:20.903+0000] {manager.py:740} INFO - There are 1 files in /opt/airflow/dags
[2025-12-04T00:17:44.434+0000] {manager.py:878} INFO - 
================================================================================
DAG File Processing Stats

File Path                             PID    Runtime      # DAGs    # Errors  Last Runtime    Last Run
------------------------------------  -----  ---------  --------  ----------  --------------  -------------------
/opt/airflow/dags/weather_elt_dag.py                           1           0  0.98s           2025-12-04T00:17:23
================================================================================
[2025-12-04T00:18:14.142+0000] {manager.py:878} INFO - 
================================================================================
DAG File Processing Stats

File Path                             PID    Runtime      # DAGs    # Errors  Last Runtime    Last Run
------------------------------------  -----  ---------  --------  ----------  --------------  -------------------
/opt/airflow/dags/weather_elt_dag.py                           1           0  -0.41s          2025-12-04T00:17:54
================================================================================
[2025-12-04T00:18:43.874+0000] {manager.py:878} INFO - 
================================================================================
DAG File Processing Stats

File Path                             PID    Runtime      # DAGs    # Errors  Last Runtime    Last Run
------------------------------------  -----  ---------  --------  ----------  --------------  -------------------
/opt/airflow/dags/weather_elt_dag.py                           1           0  0.54s           2025-12-04T00:18:25
================================================================================
[2025-12-04T00:19:13.849+0000] {manager.py:878} INFO - 
================================================================================
DAG File Processing Stats

File Path                             PID    Runtime      # DAGs    # Errors  Last Runtime    Last Run
------------------------------------  -----  ---------  --------  ----------  --------------  -------------------
/opt/airflow/dags/weather_elt_dag.py                           1           0  0.42s           2025-12-04T00:18:55
================================================================================
[2025-12-04T00:19:43.470+0000] {manager.py:878} INFO - 
================================================================================
DAG File Processing Stats

File Path                             PID    Runtime      # DAGs    # Errors  Last Runtime    Last Run
------------------------------------  -----  ---------  --------  ----------  --------------  -------------------
/opt/airflow/dags/weather_elt_dag.py                           1           0  0.25s           2025-12-04T00:19:26
================================================================================
[2025-12-04T00:20:13.340+0000] {manager.py:878} INFO - 
================================================================================
DAG File Processing Stats

File Path                             PID    Runtime      # DAGs    # Errors  Last Runtime    Last Run
------------------------------------  -----  ---------  --------  ----------  --------------  -------------------
/opt/airflow/dags/weather_elt_dag.py                           1           0  0.26s           2025-12-04T00:19:57
================================================================================
[2025-12-04T00:20:42.975+0000] {manager.py:878} INFO - 
================================================================================
DAG File Processing Stats

File Path                             PID    Runtime      # DAGs    # Errors  Last Runtime    Last Run
------------------------------------  -----  ---------  --------  ----------  --------------  -------------------
/opt/airflow/dags/weather_elt_dag.py                           1           0  0.56s           2025-12-04T00:20:28
================================================================================
[2025-12-04T00:21:12.565+0000] {manager.py:878} INFO - 
================================================================================
DAG File Processing Stats

File Path                             PID    Runtime      # DAGs    # Errors  Last Runtime    Last Run
------------------------------------  -----  ---------  --------  ----------  --------------  -------------------
/opt/airflow/dags/weather_elt_dag.py                           1           0  0.41s           2025-12-04T00:20:58
================================================================================
[2025-12-04T00:21:42.193+0000] {manager.py:878} INFO - 
================================================================================
DAG File Processing Stats

File Path                             PID    Runtime      # DAGs    # Errors  Last Runtime    Last Run
------------------------------------  -----  ---------  --------  ----------  --------------  -------------------
/opt/airflow/dags/weather_elt_dag.py                           1           0  1.22s           2025-12-04T00:21:30
================================================================================
[2025-12-04T00:22:11.946+0000] {manager.py:878} INFO - 
================================================================================
DAG File Processing Stats

File Path                             PID    Runtime      # DAGs    # Errors  Last Runtime    Last Run
------------------------------------  -----  ---------  --------  ----------  --------------  -------------------
/opt/airflow/dags/weather_elt_dag.py                           1           0  0.59s           2025-12-04T00:22:01
================================================================================
[2025-12-04T00:22:21.306+0000] {manager.py:737} INFO - Searching for files in /opt/airflow/dags
[2025-12-04T00:22:21.432+0000] {manager.py:740} INFO - There are 1 files in /opt/airflow/dags
[2025-12-04T00:22:41.743+0000] {manager.py:878} INFO - 
================================================================================
DAG File Processing Stats

File Path                             PID    Runtime      # DAGs    # Errors  Last Runtime    Last Run
------------------------------------  -----  ---------  --------  ----------  --------------  -------------------
/opt/airflow/dags/weather_elt_dag.py                           1           0  1.02s           2025-12-04T00:22:32
================================================================================
[2025-12-04T00:23:11.446+0000] {manager.py:878} INFO - 
================================================================================
DAG File Processing Stats

File Path                             PID    Runtime      # DAGs    # Errors  Last Runtime    Last Run
------------------------------------  -----  ---------  --------  ----------  --------------  -------------------
/opt/airflow/dags/weather_elt_dag.py                           1           0  0.26s           2025-12-04T00:23:03
================================================================================
[2025-12-04T00:23:41.146+0000] {manager.py:878} INFO - 
================================================================================
DAG File Processing Stats

File Path                             PID    Runtime      # DAGs    # Errors  Last Runtime    Last Run
------------------------------------  -----  ---------  --------  ----------  --------------  -------------------
/opt/airflow/dags/weather_elt_dag.py                           1           0  0.26s           2025-12-04T00:23:34
================================================================================
[2025-12-04T00:24:10.818+0000] {manager.py:878} INFO - 
================================================================================
DAG File Processing Stats

File Path                             PID    Runtime      # DAGs    # Errors  Last Runtime    Last Run
------------------------------------  -----  ---------  --------  ----------  --------------  -------------------
/opt/airflow/dags/weather_elt_dag.py                           1           0  0.34s           2025-12-04T00:24:05
================================================================================
[2025-12-04T00:24:40.623+0000] {manager.py:878} INFO - 
================================================================================
DAG File Processing Stats

File Path                             PID    Runtime      # DAGs    # Errors  Last Runtime    Last Run
------------------------------------  -----  ---------  --------  ----------  --------------  -------------------
/opt/airflow/dags/weather_elt_dag.py                           1           0  0.53s           2025-12-04T00:24:35
================================================================================
[2025-12-04T00:25:10.511+0000] {manager.py:878} INFO - 
================================================================================
DAG File Processing Stats

File Path                             PID    Runtime      # DAGs    # Errors  Last Runtime    Last Run
------------------------------------  -----  ---------  --------  ----------  --------------  -------------------
/opt/airflow/dags/weather_elt_dag.py                           1           0  0.51s           2025-12-04T00:25:06
================================================================================
[2025-12-04T00:25:40.233+0000] {manager.py:878} INFO - 
================================================================================
DAG File Processing Stats

File Path                             PID    Runtime      # DAGs    # Errors  Last Runtime    Last Run
------------------------------------  -----  ---------  --------  ----------  --------------  -------------------
/opt/airflow/dags/weather_elt_dag.py                           1           0  0.27s           2025-12-04T00:25:37
================================================================================
[2025-12-04T00:26:09.934+0000] {manager.py:878} INFO - 
================================================================================
DAG File Processing Stats

File Path                             PID    Runtime      # DAGs    # Errors  Last Runtime    Last Run
------------------------------------  -----  ---------  --------  ----------  --------------  -------------------
/opt/airflow/dags/weather_elt_dag.py                           1           0  0.47s           2025-12-04T00:26:08
================================================================================
[2025-12-04T00:26:39.501+0000] {manager.py:878} INFO - 
================================================================================
DAG File Processing Stats

File Path                               PID  Runtime      # DAGs    # Errors  Last Runtime    Last Run
------------------------------------  -----  ---------  --------  ----------  --------------  -------------------
/opt/airflow/dags/weather_elt_dag.py    418  1.02s             1           0  0.47s           2025-12-04T00:26:08
================================================================================
[2025-12-04T00:27:09.058+0000] {manager.py:878} INFO - 
================================================================================
DAG File Processing Stats

File Path                             PID    Runtime      # DAGs    # Errors  Last Runtime    Last Run
------------------------------------  -----  ---------  --------  ----------  --------------  -------------------
/opt/airflow/dags/weather_elt_dag.py                           1           0  1.30s           2025-12-04T00:26:39
================================================================================
[2025-12-04T00:27:21.774+0000] {manager.py:737} INFO - Searching for files in /opt/airflow/dags
[2025-12-04T00:27:21.896+0000] {manager.py:740} INFO - There are 1 files in /opt/airflow/dags
[2025-12-04T00:27:39.097+0000] {manager.py:878} INFO - 
================================================================================
DAG File Processing Stats

File Path                             PID    Runtime      # DAGs    # Errors  Last Runtime    Last Run
------------------------------------  -----  ---------  --------  ----------  --------------  -------------------
/opt/airflow/dags/weather_elt_dag.py                           1           0  0.36s           2025-12-04T00:27:10
================================================================================
[2025-12-04T00:28:08.405+0000] {manager.py:878} INFO - 
================================================================================
DAG File Processing Stats

File Path                             PID    Runtime      # DAGs    # Errors  Last Runtime    Last Run
------------------------------------  -----  ---------  --------  ----------  --------------  -------------------
/opt/airflow/dags/weather_elt_dag.py                           1           0  0.71s           2025-12-04T00:27:42
================================================================================
[2025-12-04T00:28:37.818+0000] {manager.py:878} INFO - 
================================================================================
DAG File Processing Stats

File Path                             PID    Runtime      # DAGs    # Errors  Last Runtime    Last Run
------------------------------------  -----  ---------  --------  ----------  --------------  -------------------
/opt/airflow/dags/weather_elt_dag.py                           1           0  1.85s           2025-12-04T00:28:14
================================================================================
[2025-12-04T00:29:07.402+0000] {manager.py:878} INFO - 
================================================================================
DAG File Processing Stats

File Path                             PID    Runtime      # DAGs    # Errors  Last Runtime    Last Run
------------------------------------  -----  ---------  --------  ----------  --------------  -------------------
/opt/airflow/dags/weather_elt_dag.py                           1           0  0.62s           2025-12-04T00:28:45
================================================================================
[2025-12-04T00:31:07.587+0000] {manager.py:470} INFO - Processing files using up to 2 processes at a time 
[2025-12-04T00:31:07.595+0000] {manager.py:471} INFO - Process each file at most once every 30 seconds
[2025-12-04T00:31:07.603+0000] {manager.py:472} INFO - Checking for new files in /opt/airflow/dags every 300 seconds
[2025-12-04T00:31:07.607+0000] {manager.py:737} INFO - Searching for files in /opt/airflow/dags
[2025-12-04T00:31:07.778+0000] {manager.py:740} INFO - There are 1 files in /opt/airflow/dags
[2025-12-04T00:31:11.709+0000] {manager.py:878} INFO - 
================================================================================
DAG File Processing Stats

File Path                               PID  Runtime      # DAGs    # Errors  Last Runtime    Last Run
------------------------------------  -----  ---------  --------  ----------  --------------  ----------
/opt/airflow/dags/weather_elt_dag.py    170  1.97s             0           0
================================================================================
[2025-12-04T00:31:41.341+0000] {manager.py:878} INFO - 
================================================================================
DAG File Processing Stats

File Path                             PID    Runtime      # DAGs    # Errors  Last Runtime    Last Run
------------------------------------  -----  ---------  --------  ----------  --------------  -------------------
/opt/airflow/dags/weather_elt_dag.py                           1           0  3.41s           2025-12-04T00:31:13
================================================================================
[2025-12-04T00:32:10.969+0000] {manager.py:878} INFO - 
================================================================================
DAG File Processing Stats

File Path                             PID    Runtime      # DAGs    # Errors  Last Runtime    Last Run
------------------------------------  -----  ---------  --------  ----------  --------------  -------------------
/opt/airflow/dags/weather_elt_dag.py                           1           0  1.09s           2025-12-04T00:31:44
================================================================================
[2025-12-04T00:32:40.711+0000] {manager.py:878} INFO - 
================================================================================
DAG File Processing Stats

File Path                             PID    Runtime      # DAGs    # Errors  Last Runtime    Last Run
------------------------------------  -----  ---------  --------  ----------  --------------  -------------------
/opt/airflow/dags/weather_elt_dag.py                           1           0  2.14s           2025-12-04T00:32:17
================================================================================
[2025-12-04T00:33:10.474+0000] {manager.py:878} INFO - 
================================================================================
DAG File Processing Stats

File Path                             PID    Runtime      # DAGs    # Errors  Last Runtime    Last Run
------------------------------------  -----  ---------  --------  ----------  --------------  -------------------
/opt/airflow/dags/weather_elt_dag.py                           1           0  1.23s           2025-12-04T00:32:49
================================================================================
[2025-12-04T00:33:40.053+0000] {manager.py:878} INFO - 
================================================================================
DAG File Processing Stats

File Path                             PID    Runtime      # DAGs    # Errors  Last Runtime    Last Run
------------------------------------  -----  ---------  --------  ----------  --------------  -------------------
/opt/airflow/dags/weather_elt_dag.py                           1           0  1.37s           2025-12-04T00:33:20
================================================================================
[2025-12-04T00:34:10.112+0000] {manager.py:878} INFO - 
================================================================================
DAG File Processing Stats

File Path                             PID    Runtime      # DAGs    # Errors  Last Runtime    Last Run
------------------------------------  -----  ---------  --------  ----------  --------------  -------------------
/opt/airflow/dags/weather_elt_dag.py                           1           0  1.68s           2025-12-04T00:33:52
================================================================================
[2025-12-04T00:34:39.561+0000] {manager.py:878} INFO - 
================================================================================
DAG File Processing Stats

File Path                             PID    Runtime      # DAGs    # Errors  Last Runtime    Last Run
------------------------------------  -----  ---------  --------  ----------  --------------  -------------------
/opt/airflow/dags/weather_elt_dag.py                           1           0  1.94s           2025-12-04T00:34:25
================================================================================
[2025-12-04T00:35:09.526+0000] {manager.py:878} INFO - 
================================================================================
DAG File Processing Stats

File Path                             PID    Runtime      # DAGs    # Errors  Last Runtime    Last Run
------------------------------------  -----  ---------  --------  ----------  --------------  -------------------
/opt/airflow/dags/weather_elt_dag.py                           1           0  0.65s           2025-12-04T00:34:56
================================================================================
[2025-12-04T00:35:39.259+0000] {manager.py:878} INFO - 
================================================================================
DAG File Processing Stats

File Path                             PID    Runtime      # DAGs    # Errors  Last Runtime    Last Run
------------------------------------  -----  ---------  --------  ----------  --------------  -------------------
/opt/airflow/dags/weather_elt_dag.py                           1           0  0.43s           2025-12-04T00:35:27
================================================================================
[2025-12-04T00:36:08.026+0000] {manager.py:737} INFO - Searching for files in /opt/airflow/dags
[2025-12-04T00:36:08.167+0000] {manager.py:740} INFO - There are 1 files in /opt/airflow/dags
[2025-12-04T00:36:09.271+0000] {manager.py:878} INFO - 
================================================================================
DAG File Processing Stats

File Path                             PID    Runtime      # DAGs    # Errors  Last Runtime    Last Run
------------------------------------  -----  ---------  --------  ----------  --------------  -------------------
/opt/airflow/dags/weather_elt_dag.py                           1           0  0.36s           2025-12-04T00:35:57
================================================================================
[2025-12-04T00:36:38.824+0000] {manager.py:878} INFO - 
================================================================================
DAG File Processing Stats

File Path                             PID    Runtime      # DAGs    # Errors  Last Runtime    Last Run
------------------------------------  -----  ---------  --------  ----------  --------------  -------------------
/opt/airflow/dags/weather_elt_dag.py                           1           0  0.64s           2025-12-04T00:36:29
================================================================================
[2025-12-04T00:37:08.308+0000] {manager.py:878} INFO - 
================================================================================
DAG File Processing Stats

File Path                             PID    Runtime      # DAGs    # Errors  Last Runtime    Last Run
------------------------------------  -----  ---------  --------  ----------  --------------  -------------------
/opt/airflow/dags/weather_elt_dag.py                           1           0  0.32s           2025-12-04T00:37:00
================================================================================
[2025-12-04T00:37:37.882+0000] {manager.py:878} INFO - 
================================================================================
DAG File Processing Stats

File Path                             PID    Runtime      # DAGs    # Errors  Last Runtime    Last Run
------------------------------------  -----  ---------  --------  ----------  --------------  -------------------
/opt/airflow/dags/weather_elt_dag.py                           1           0  0.42s           2025-12-04T00:37:30
================================================================================
[2025-12-04T00:38:07.553+0000] {manager.py:878} INFO - 
================================================================================
DAG File Processing Stats

File Path                             PID    Runtime      # DAGs    # Errors  Last Runtime    Last Run
------------------------------------  -----  ---------  --------  ----------  --------------  -------------------
/opt/airflow/dags/weather_elt_dag.py                           1           0  1.36s           2025-12-04T00:38:02
================================================================================
[2025-12-04T00:38:36.868+0000] {manager.py:878} INFO - 
================================================================================
DAG File Processing Stats

File Path                             PID    Runtime      # DAGs    # Errors  Last Runtime    Last Run
------------------------------------  -----  ---------  --------  ----------  --------------  -------------------
/opt/airflow/dags/weather_elt_dag.py                           1           0  3.08s           2025-12-04T00:38:36
================================================================================
[2025-12-04T00:39:06.904+0000] {manager.py:878} INFO - 
================================================================================
DAG File Processing Stats

File Path                               PID  Runtime      # DAGs    # Errors  Last Runtime    Last Run
------------------------------------  -----  ---------  --------  ----------  --------------  -------------------
/opt/airflow/dags/weather_elt_dag.py    290  0.01s             1           0  3.08s           2025-12-04T00:38:36
================================================================================
[2025-12-04T00:39:36.437+0000] {manager.py:878} INFO - 
================================================================================
DAG File Processing Stats

File Path                             PID    Runtime      # DAGs    # Errors  Last Runtime    Last Run
------------------------------------  -----  ---------  --------  ----------  --------------  -------------------
/opt/airflow/dags/weather_elt_dag.py                           1           0  0.28s           2025-12-04T00:39:07
================================================================================
[2025-12-04T00:40:06.205+0000] {manager.py:878} INFO - 
================================================================================
DAG File Processing Stats

File Path                             PID    Runtime      # DAGs    # Errors  Last Runtime    Last Run
------------------------------------  -----  ---------  --------  ----------  --------------  -------------------
/opt/airflow/dags/weather_elt_dag.py                           1           0  0.26s           2025-12-04T00:39:37
================================================================================
[2025-12-04T00:40:35.864+0000] {manager.py:878} INFO - 
================================================================================
DAG File Processing Stats

File Path                             PID    Runtime      # DAGs    # Errors  Last Runtime    Last Run
------------------------------------  -----  ---------  --------  ----------  --------------  -------------------
/opt/airflow/dags/weather_elt_dag.py                           1           0  0.38s           2025-12-04T00:40:08
================================================================================
[2025-12-04T00:41:05.707+0000] {manager.py:878} INFO - 
================================================================================
DAG File Processing Stats

File Path                             PID    Runtime      # DAGs    # Errors  Last Runtime    Last Run
------------------------------------  -----  ---------  --------  ----------  --------------  -------------------
/opt/airflow/dags/weather_elt_dag.py                           1           0  0.65s           2025-12-04T00:40:39
================================================================================
[2025-12-04T00:41:08.071+0000] {manager.py:737} INFO - Searching for files in /opt/airflow/dags
[2025-12-04T00:41:08.143+0000] {manager.py:740} INFO - There are 1 files in /opt/airflow/dags
[2025-12-04T00:41:34.932+0000] {manager.py:878} INFO - 
================================================================================
DAG File Processing Stats

File Path                             PID    Runtime      # DAGs    # Errors  Last Runtime    Last Run
------------------------------------  -----  ---------  --------  ----------  --------------  -------------------
/opt/airflow/dags/weather_elt_dag.py                           1           0  0.67s           2025-12-04T00:41:10
================================================================================
[2025-12-04T00:42:04.454+0000] {manager.py:878} INFO - 
================================================================================
DAG File Processing Stats

File Path                             PID    Runtime      # DAGs    # Errors  Last Runtime    Last Run
------------------------------------  -----  ---------  --------  ----------  --------------  -------------------
/opt/airflow/dags/weather_elt_dag.py                           1           0  0.33s           2025-12-04T00:41:41
================================================================================
[2025-12-04T00:42:34.061+0000] {manager.py:878} INFO - 
================================================================================
DAG File Processing Stats

File Path                             PID    Runtime      # DAGs    # Errors  Last Runtime    Last Run
------------------------------------  -----  ---------  --------  ----------  --------------  -------------------
/opt/airflow/dags/weather_elt_dag.py                           1           0  0.62s           2025-12-04T00:42:12
================================================================================
[2025-12-04T00:43:03.614+0000] {manager.py:878} INFO - 
================================================================================
DAG File Processing Stats

File Path                             PID    Runtime      # DAGs    # Errors  Last Runtime    Last Run
------------------------------------  -----  ---------  --------  ----------  --------------  -------------------
/opt/airflow/dags/weather_elt_dag.py                           1           0  0.24s           2025-12-04T00:42:42
================================================================================
[2025-12-04T00:43:33.351+0000] {manager.py:878} INFO - 
================================================================================
DAG File Processing Stats

File Path                             PID    Runtime      # DAGs    # Errors  Last Runtime    Last Run
------------------------------------  -----  ---------  --------  ----------  --------------  -------------------
/opt/airflow/dags/weather_elt_dag.py                           1           0  0.26s           2025-12-04T00:43:12
================================================================================
[2025-12-04T00:44:02.891+0000] {manager.py:878} INFO - 
================================================================================
DAG File Processing Stats

File Path                             PID    Runtime      # DAGs    # Errors  Last Runtime    Last Run
------------------------------------  -----  ---------  --------  ----------  --------------  -------------------
/opt/airflow/dags/weather_elt_dag.py                           1           0  0.26s           2025-12-04T00:43:43
================================================================================
[2025-12-04T00:44:32.636+0000] {manager.py:878} INFO - 
================================================================================
DAG File Processing Stats

File Path                             PID    Runtime      # DAGs    # Errors  Last Runtime    Last Run
------------------------------------  -----  ---------  --------  ----------  --------------  -------------------
/opt/airflow/dags/weather_elt_dag.py                           1           0  0.55s           2025-12-04T00:44:14
================================================================================
[2025-12-04T00:45:02.220+0000] {manager.py:878} INFO - 
================================================================================
DAG File Processing Stats

File Path                             PID    Runtime      # DAGs    # Errors  Last Runtime    Last Run
------------------------------------  -----  ---------  --------  ----------  --------------  -------------------
/opt/airflow/dags/weather_elt_dag.py                           1           0  0.36s           2025-12-04T00:44:45
================================================================================
[2025-12-04T00:45:31.876+0000] {manager.py:878} INFO - 
================================================================================
DAG File Processing Stats

File Path                             PID    Runtime      # DAGs    # Errors  Last Runtime    Last Run
------------------------------------  -----  ---------  --------  ----------  --------------  -------------------
/opt/airflow/dags/weather_elt_dag.py                           1           0  1.00s           2025-12-04T00:45:16
================================================================================
[2025-12-04T00:46:01.268+0000] {manager.py:878} INFO - 
================================================================================
DAG File Processing Stats

File Path                             PID    Runtime      # DAGs    # Errors  Last Runtime    Last Run
------------------------------------  -----  ---------  --------  ----------  --------------  -------------------
/opt/airflow/dags/weather_elt_dag.py                           1           0  0.85s           2025-12-04T00:45:48
================================================================================
[2025-12-04T00:46:08.326+0000] {manager.py:737} INFO - Searching for files in /opt/airflow/dags
[2025-12-04T00:46:08.398+0000] {manager.py:740} INFO - There are 1 files in /opt/airflow/dags
[2025-12-04T00:46:31.166+0000] {manager.py:878} INFO - 
================================================================================
DAG File Processing Stats

File Path                             PID    Runtime      # DAGs    # Errors  Last Runtime    Last Run
------------------------------------  -----  ---------  --------  ----------  --------------  -------------------
/opt/airflow/dags/weather_elt_dag.py                           1           0  0.32s           2025-12-04T00:46:19
================================================================================
[2025-12-04T00:47:00.708+0000] {manager.py:878} INFO - 
================================================================================
DAG File Processing Stats

File Path                             PID    Runtime      # DAGs    # Errors  Last Runtime    Last Run
------------------------------------  -----  ---------  --------  ----------  --------------  -------------------
/opt/airflow/dags/weather_elt_dag.py                           1           0  0.36s           2025-12-04T00:46:49
================================================================================
