[2025-12-04T00:38:24.649+0000] {local_task_job_runner.py:120} INFO - ::group::Pre task execution logs
[2025-12-04T00:38:24.826+0000] {taskinstance.py:2076} INFO - Dependencies all met for dep_context=non-requeueable deps ti=<TaskInstance: weather_elt_pipeline.produce_weather_to_kafka manual__2025-12-04T00:38:21.578349+00:00 [queued]>
[2025-12-04T00:38:24.846+0000] {taskinstance.py:2076} INFO - Dependencies all met for dep_context=requeueable deps ti=<TaskInstance: weather_elt_pipeline.produce_weather_to_kafka manual__2025-12-04T00:38:21.578349+00:00 [queued]>
[2025-12-04T00:38:24.848+0000] {taskinstance.py:2306} INFO - Starting attempt 1 of 2
[2025-12-04T00:38:24.884+0000] {taskinstance.py:2330} INFO - Executing <Task(BashOperator): produce_weather_to_kafka> on 2025-12-04 00:38:21.578349+00:00
[2025-12-04T00:38:24.905+0000] {standard_task_runner.py:63} INFO - Started process 271 to run task
[2025-12-04T00:38:24.912+0000] {standard_task_runner.py:90} INFO - Running: ['airflow', 'tasks', 'run', 'weather_elt_pipeline', 'produce_weather_to_kafka', 'manual__2025-12-04T00:38:21.578349+00:00', '--job-id', '16', '--raw', '--subdir', 'DAGS_FOLDER/weather_elt_dag.py', '--cfg-path', '/tmp/tmpxbh6oktk']
[2025-12-04T00:38:24.924+0000] {standard_task_runner.py:91} INFO - Job 16: Subtask produce_weather_to_kafka
[2025-12-04T00:38:25.708+0000] {task_command.py:426} INFO - Running <TaskInstance: weather_elt_pipeline.produce_weather_to_kafka manual__2025-12-04T00:38:21.578349+00:00 [running]> on host 58daea5025c5
[2025-12-04T00:38:26.155+0000] {taskinstance.py:2648} INFO - Exporting env vars: AIRFLOW_CTX_DAG_OWNER='airflow' AIRFLOW_CTX_DAG_ID='weather_elt_pipeline' AIRFLOW_CTX_TASK_ID='produce_weather_to_kafka' AIRFLOW_CTX_EXECUTION_DATE='2025-12-04T00:38:21.578349+00:00' AIRFLOW_CTX_TRY_NUMBER='1' AIRFLOW_CTX_DAG_RUN_ID='manual__2025-12-04T00:38:21.578349+00:00'
[2025-12-04T00:38:26.177+0000] {taskinstance.py:430} INFO - ::endgroup::
[2025-12-04T00:38:26.497+0000] {subprocess.py:63} INFO - Tmp dir root location: /tmp
[2025-12-04T00:38:26.506+0000] {subprocess.py:75} INFO - Running command: ['/usr/bin/bash', '-c', 'python /opt/airflow/producers/weather_producer.py --batch']
[2025-12-04T00:38:26.585+0000] {subprocess.py:86} INFO - Output:
[2025-12-04T00:38:41.704+0000] {subprocess.py:93} INFO - Weather Producer iniciado – Open-Meteo API
[2025-12-04T00:38:41.721+0000] {subprocess.py:93} INFO - Ciudad de México: 19.4°C
[2025-12-04T00:38:41.727+0000] {subprocess.py:93} INFO - Madrid: 5.7°C
[2025-12-04T00:38:41.729+0000] {subprocess.py:93} INFO - Bogotá: 14.6°C
[2025-12-04T00:38:41.730+0000] {subprocess.py:93} INFO - Lima: 17.8°C
[2025-12-04T00:38:41.733+0000] {subprocess.py:93} INFO - Buenos Aires: 25.1°C
[2025-12-04T00:38:41.735+0000] {subprocess.py:93} INFO - Santiago: 22.7°C
[2025-12-04T00:38:41.736+0000] {subprocess.py:93} INFO - São Paulo: 19.8°C
[2025-12-04T00:38:41.738+0000] {subprocess.py:93} INFO - Lisboa: 13.2°C
[2025-12-04T00:38:41.739+0000] {subprocess.py:93} INFO - Miami: 22.2°C
[2025-12-04T00:38:41.742+0000] {subprocess.py:93} INFO - La Paz: 7.3°C
[2025-12-04T00:38:41.745+0000] {subprocess.py:93} INFO - Batch mode: Finalizando después de una iteración.
[2025-12-04T00:38:41.783+0000] {subprocess.py:97} INFO - Command exited with return code 0
[2025-12-04T00:38:41.803+0000] {taskinstance.py:441} INFO - ::group::Post task execution logs
[2025-12-04T00:38:42.385+0000] {taskinstance.py:1206} INFO - Marking task as SUCCESS. dag_id=weather_elt_pipeline, task_id=produce_weather_to_kafka, run_id=manual__2025-12-04T00:38:21.578349+00:00, execution_date=20251204T003821, start_date=20251204T003824, end_date=20251204T003842
[2025-12-04T00:38:42.608+0000] {local_task_job_runner.py:240} INFO - Task exited with return code 0
[2025-12-04T00:38:42.863+0000] {logging_mixin.py:188} WARNING - /home/airflow/.local/lib/python3.10/site-packages/airflow/models/baseoperator.py:1296 AirflowProviderDeprecationWarning: Call to deprecated class PostgresOperator. (Please use `airflow.providers.common.sql.operators.sql.SQLExecuteQueryOperator`.Also, you can provide `hook_params={'schema': <database>}`.)
[2025-12-04T00:38:42.930+0000] {taskinstance.py:3498} INFO - 1 downstream tasks scheduled from follow-on schedule check
[2025-12-04T00:38:42.938+0000] {local_task_job_runner.py:222} INFO - ::endgroup::
